#
# There is insufficient memory for the Java Runtime Environment to continue.
# Native memory allocation (mmap) failed to map 257949696 bytes. Error detail: G1 virtual space
# Possible reasons:
#   The system is out of physical RAM or swap space
#   This process is running with CompressedOops enabled, and the Java Heap may be blocking the growth of the native heap
# Possible solutions:
#   Reduce memory load on the system
#   Increase physical memory or swap space
#   Check if swap backing store is full
#   Decrease Java heap size (-Xmx/-Xms)
#   Decrease number of Java threads
#   Decrease Java thread stack sizes (-Xss)
#   Set larger code cache with -XX:ReservedCodeCacheSize=
#   JVM is running with Zero Based Compressed Oops mode in which the Java heap is
#     placed in the first 32GB address space. The Java Heap base address is the
#     maximum limit for the native heap growth. Please use -XX:HeapBaseMinAddress
#     to set the Java Heap base and to place the Java Heap above 32GB virtual address.
# This output file may be truncated or incomplete.
#
#  Out of Memory Error (os_windows.cpp:3825), pid=25064, tid=23636
#
# JRE version:  (17.0.11) (build )
# Java VM: OpenJDK 64-Bit Server VM (17.0.11+0--11852314, mixed mode, sharing, tiered, compressed oops, compressed class ptrs, g1 gc, windows-amd64)
# No core dump will be written. Minidumps are not enabled by default on client versions of Windows
#

---------------  S U M M A R Y ------------

Command Line: org.jetbrains.kotlin.cli.jvm.K2JVMCompiler @D:\projects\mobile\calculator\app\build\20241121_6237811583706931438.compiler.options

Host: AMD Ryzen 5 5600H with Radeon Graphics         , 12 cores, 15G,  Windows 11 , 64 bit Build 22621 (10.0.22621.3958)
Time: Thu Nov 21 13:18:41 2024 RTZ 2 (s 11 , 64 bit Build 22621 (10.0.22621.3958) elapsed time: 0.077726 seconds (0d 0h 0m 0s)

---------------  T H R E A D  ---------------

Current thread (0x0000020fb28ccd80):  JavaThread "Unknown thread" [_thread_in_vm, id=23636, stack(0x0000007ea9700000,0x0000007ea9800000)]

Stack: [0x0000007ea9700000,0x0000007ea9800000]
Native frames: (J=compiled Java code, j=interpreted, Vv=VM code, C=native code)
V  [jvm.dll+0x687bb9]
V  [jvm.dll+0x84142a]
V  [jvm.dll+0x8430ae]
V  [jvm.dll+0x843713]
V  [jvm.dll+0x24a35f]
V  [jvm.dll+0x684989]
V  [jvm.dll+0x67923a]
V  [jvm.dll+0x30af0b]
V  [jvm.dll+0x3123b6]
V  [jvm.dll+0x361dfe]
V  [jvm.dll+0x36202f]
V  [jvm.dll+0x2e0d38]
V  [jvm.dll+0x2e1ca4]
V  [jvm.dll+0x811f21]
V  [jvm.dll+0x36fb68]
V  [jvm.dll+0x7f0896]
V  [jvm.dll+0x3f3d2f]
V  [jvm.dll+0x3f58e1]
C  [jli.dll+0x528f]
C  [ucrtbase.dll+0x29333]
C  [KERNEL32.DLL+0x1257d]
C  [ntdll.dll+0x5af08]


---------------  P R O C E S S  ---------------

Threads class SMR info:
_java_thread_list=0x00007ff9f5aeefd8, length=0, elements={
}

Java Threads: ( => current thread )

Other Threads:
  0x0000020fb2936640 GCTaskThread "GC Thread#0" [stack: 0x0000007ea9800000,0x0000007ea9900000] [id=16596]
  0x0000020fb2946b50 ConcurrentGCThread "G1 Main Marker" [stack: 0x0000007ea9900000,0x0000007ea9a00000] [id=1088]
  0x0000020fb2947570 ConcurrentGCThread "G1 Conc#0" [stack: 0x0000007ea9a00000,0x0000007ea9b00000] [id=2340]

[error occurred during error reporting (printing all threads), id 0xc0000005, EXCEPTION_ACCESS_VIOLATION (0xc0000005) at pc=0x00007ff9f52a1907]

VM state: not at safepoint (not fully initialized)

VM Mutex/Monitor currently owned by a thread:  ([mutex/lock_event])
[0x0000020fb28c7e90] Heap_lock - owner thread: 0x0000020fb28ccd80

Heap address: 0x000000070a400000, size: 3932 MB, Compressed Oops mode: Zero based, Oop shift amount: 3

CDS archive(s) mapped at: [0x0000000000000000-0x0000000000000000-0x0000000000000000), size 0, SharedBaseAddress: 0x0000000800000000, ArchiveRelocationMode: 1.
Narrow klass base: 0x0000000000000000, Narrow klass shift: 0, Narrow klass range: 0x0

GC Precious Log:
<Empty>

Heap:
 garbage-first heap   total 0K, used 0K [0x000000070a400000, 0x0000000800000000)
  region size 2048K, 0 young (0K), 0 survivors (0K)
 Metaspace       used 0K, committed 0K, reserved 0K
  class space    used 0K, committed 0K, reserved 0K

Heap Regions: E=young(eden), S=young(survivor), O=old, HS=humongous(starts), HC=humongous(continues), CS=collection set, F=free, OA=open archive, CA=closed archive, TAMS=top-at-mark-start (previous, next)

Card table byte_map: [0x0000020fc5ab0000,0x0000020fc6260000] _byte_map_base: 0x0000020fc225e000

Marking Bits (Prev, Next): (CMBitMap*) 0x0000020fb2936c60, (CMBitMap*) 0x0000020fb2936ca0
 Prev Bits: [0x0000020fc6a10000, 0x0000020fca780000)
 Next Bits: [0x0000020fca780000, 0x0000020fce4f0000)

GC Heap History (0 events):
No events

Dll operation events (1 events):
Event: 0.009 Loaded shared library D:\androidStudio\jbr\bin\java.dll

Deoptimization events (0 events):
No events

Classes unloaded (0 events):
No events

Classes redefined (0 events):
No events

Internal exceptions (0 events):
No events

VM Operations (0 events):
No events

Events (0 events):
No events


Dynamic libraries:
0x00007ff61d4a0000 - 0x00007ff61d4aa000 	D:\androidStudio\jbr\bin\java.exe
0x00007ffa4c310000 - 0x00007ffa4c527000 	C:\WINDOWS\SYSTEM32\ntdll.dll
0x00007ffa4aca0000 - 0x00007ffa4ad64000 	C:\WINDOWS\System32\KERNEL32.DLL
0x00007ffa49790000 - 0x00007ffa49b47000 	C:\WINDOWS\System32\KERNELBASE.dll
0x00007ffa49d40000 - 0x00007ffa49e51000 	C:\WINDOWS\System32\ucrtbase.dll
0x00007ffa387b0000 - 0x00007ffa387cb000 	D:\androidStudio\jbr\bin\VCRUNTIME140.dll
0x00007ffa44f60000 - 0x00007ffa44f77000 	D:\androidStudio\jbr\bin\jli.dll
0x00007ffa4ada0000 - 0x00007ffa4af4f000 	C:\WINDOWS\System32\USER32.dll
0x00007ffa49d10000 - 0x00007ffa49d36000 	C:\WINDOWS\System32\win32u.dll
0x00007ffa2e640000 - 0x00007ffa2e8d3000 	C:\WINDOWS\WinSxS\amd64_microsoft.windows.common-controls_6595b64144ccf1df_6.0.22621.3672_none_2713b9d173822955\COMCTL32.dll
0x00007ffa4ad70000 - 0x00007ffa4ad99000 	C:\WINDOWS\System32\GDI32.dll
0x00007ffa49bf0000 - 0x00007ffa49d08000 	C:\WINDOWS\System32\gdi32full.dll
0x00007ffa4b3a0000 - 0x00007ffa4b447000 	C:\WINDOWS\System32\msvcrt.dll
0x00007ffa49b50000 - 0x00007ffa49bea000 	C:\WINDOWS\System32\msvcp_win.dll
0x00007ffa4a040000 - 0x00007ffa4a071000 	C:\WINDOWS\System32\IMM32.DLL
0x00007ffa42bb0000 - 0x00007ffa42bbc000 	D:\androidStudio\jbr\bin\vcruntime140_1.dll
0x00007ffa200f0000 - 0x00007ffa2017d000 	D:\androidStudio\jbr\bin\msvcp140.dll
0x00007ff9f4fb0000 - 0x00007ff9f5c33000 	D:\androidStudio\jbr\bin\server\jvm.dll
0x00007ffa4a080000 - 0x00007ffa4a132000 	C:\WINDOWS\System32\ADVAPI32.dll
0x00007ffa4a6c0000 - 0x00007ffa4a768000 	C:\WINDOWS\System32\sechost.dll
0x00007ffa496a0000 - 0x00007ffa496c8000 	C:\WINDOWS\System32\bcrypt.dll
0x00007ffa4b8a0000 - 0x00007ffa4b9b4000 	C:\WINDOWS\System32\RPCRT4.dll
0x00007ffa46eb0000 - 0x00007ffa46ee4000 	C:\WINDOWS\SYSTEM32\WINMM.dll
0x00007ffa45050000 - 0x00007ffa45059000 	C:\WINDOWS\SYSTEM32\WSOCK32.dll
0x00007ffa494f0000 - 0x00007ffa4953d000 	C:\WINDOWS\SYSTEM32\POWRPROF.dll
0x00007ffa4b600000 - 0x00007ffa4b671000 	C:\WINDOWS\System32\WS2_32.dll
0x00007ffa3f320000 - 0x00007ffa3f32a000 	C:\WINDOWS\SYSTEM32\VERSION.dll
0x00007ffa494d0000 - 0x00007ffa494e3000 	C:\WINDOWS\SYSTEM32\UMPDC.dll
0x00007ffa48630000 - 0x00007ffa48648000 	C:\WINDOWS\SYSTEM32\kernel.appcore.dll
0x00007ffa45040000 - 0x00007ffa4504a000 	D:\androidStudio\jbr\bin\jimage.dll
0x00007ffa471a0000 - 0x00007ffa473d2000 	C:\WINDOWS\SYSTEM32\DBGHELP.DLL
0x00007ffa4af50000 - 0x00007ffa4b2de000 	C:\WINDOWS\System32\combase.dll
0x00007ffa4a860000 - 0x00007ffa4a937000 	C:\WINDOWS\System32\OLEAUT32.dll
0x00007ffa3cce0000 - 0x00007ffa3cd12000 	C:\WINDOWS\SYSTEM32\dbgcore.DLL
0x00007ffa49620000 - 0x00007ffa4969b000 	C:\WINDOWS\System32\bcryptPrimitives.dll
0x00007ffa42770000 - 0x00007ffa42795000 	D:\androidStudio\jbr\bin\java.dll

dbghelp: loaded successfully - version: 4.0.5 - missing functions: none
symbol engine: initialized successfully - sym options: 0x614 - pdb path: .;D:\androidStudio\jbr\bin;C:\WINDOWS\SYSTEM32;C:\WINDOWS\WinSxS\amd64_microsoft.windows.common-controls_6595b64144ccf1df_6.0.22621.3672_none_2713b9d173822955;D:\androidStudio\jbr\bin\server

VM Arguments:
java_command: org.jetbrains.kotlin.cli.jvm.K2JVMCompiler @D:\projects\mobile\calculator\app\build\20241121_6237811583706931438.compiler.options
java_class_path (initial): C:\Users\odint\.gradle\caches\modules-2\files-2.1\org.jetbrains.kotlin\kotlin-compiler-embeddable\1.9.0\2c8c3a7402becca891f12739b3e9fd2dc2adbd7a\kotlin-compiler-embeddable-1.9.0.jar;C:\Users\odint\.gradle\caches\modules-2\files-2.1\org.jetbrains.kotlin\kotlin-stdlib\1.9.0\8ee15ef0c67dc83d874f412d84378d7f0eb50b63\kotlin-stdlib-1.9.0.jar;C:\Users\odint\.gradle\caches\modules-2\files-2.1\org.jetbrains.kotlin\kotlin-script-runtime\1.9.0\4b3102cbbb7e1b58d9d1adf89563f00069ffa7d1\kotlin-script-runtime-1.9.0.jar;C:\Users\odint\.gradle\caches\modules-2\files-2.1\org.jetbrains.kotlin\kotlin-reflect\1.6.10\1cbe9c92c12a94eea200d23c2bbaedaf3daf5132\kotlin-reflect-1.6.10.jar;C:\Users\odint\.gradle\caches\modules-2\files-2.1\org.jetbrains.kotlin\kotlin-daemon-embeddable\1.9.0\186543f5e28cf8d9a0290fecc2cf34301c40a65c\kotlin-daemon-embeddable-1.9.0.jar;C:\Users\odint\.gradle\caches\modules-2\files-2.1\org.jetbrains.intellij.deps\trove4j\1.0.20200330\3afb14d5f9ceb459d724e907a21145e8ff394f02\trove4j-1.0.20200330.jar;C:\Users\odint\.gradle\caches\modules-2\files-2.1\org.jetbrains.kotlin\kotlin-stdlib-common\1.9.0\cd65c21cfd1eec4d44ef09f9f52b6d9f8a720636\kotlin-stdlib-common-1.9.0.jar;C:\Users\odint\.gradle\caches\modules-2\files-2.1\org.jetbrains\annotations\13.0\919f0dfe192fb4e063e7dacadee7f8bb9a2672a9\annotations-13.0.jar
Launcher Type: SUN_STANDARD

[Global flags]
     intx CICompilerCount                          = 4                                         {product} {ergonomic}
     uint ConcGCThreads                            = 3                                         {product} {ergonomic}
     uint G1ConcRefinementThreads                  = 10                                        {product} {ergonomic}
   size_t G1HeapRegionSize                         = 2097152                                   {product} {ergonomic}
    uintx GCDrainStackTargetSize                   = 64                                        {product} {ergonomic}
   size_t InitialHeapSize                          = 257949696                                 {product} {ergonomic}
   size_t MarkStackSize                            = 4194304                                   {product} {ergonomic}
   size_t MaxHeapSize                              = 4123000832                                {product} {ergonomic}
   size_t MinHeapDeltaBytes                        = 2097152                                   {product} {ergonomic}
   size_t MinHeapSize                              = 8388608                                   {product} {ergonomic}
    uintx NonNMethodCodeHeapSize                   = 5839372                                {pd product} {ergonomic}
    uintx NonProfiledCodeHeapSize                  = 122909434                              {pd product} {ergonomic}
    uintx ProfiledCodeHeapSize                     = 122909434                              {pd product} {ergonomic}
    uintx ReservedCodeCacheSize                    = 251658240                              {pd product} {ergonomic}
     bool SegmentedCodeCache                       = true                                      {product} {ergonomic}
   size_t SoftMaxHeapSize                          = 4123000832                             {manageable} {ergonomic}
     bool UseCompressedClassPointers               = true                           {product lp64_product} {ergonomic}
     bool UseCompressedOops                        = true                           {product lp64_product} {ergonomic}
     bool UseG1GC                                  = true                                      {product} {ergonomic}
     bool UseLargePagesIndividualAllocation        = false                                  {pd product} {ergonomic}

Logging:
Log output configuration:
 #0: stdout all=warning uptime,level,tags
 #1: stderr all=off uptime,level,tags

Environment Variables:
PATH=C:\Program Files (x86)\NVIDIA Corporation\PhysX\Common;C:\WINDOWS\system32;C:\WINDOWS;C:\WINDOWS\System32\Wbem;C:\WINDOWS\System32\WindowsPowerShell\v1.0\;C:\WINDOWS\System32\OpenSSH\;C:\FPC\3.2.2\bin\i386-Win32;C:\Program Files\Git\cmd;C:\Program Files\Go\bin;C:\ProgramData\ComposerSetup\bin;C:\Program Files\nodejs\;C:\Program Files (x86)\Windows Kits\10\Windows Performance Toolkit\;C:\Program Files\MySQL\MySQL Shell 8.0\bin\;C:\Users\odint\AppData\Local\Microsoft\WindowsApps;D:\php-8.2.3-nts-Win32-vs16-x64;D:\nginx-1.23.3\nginx-1.23.3;C:\Users\odint\go\bin;C:\Users\odint\AppData\Roaming\Composer\vendor\bin;C:\Program Files\JetBrains\PhpStorm 2023.1.2\bin;;D:\CLion 2024\bin;;D:\CppDistro\MinGW\bin;C:\Users\odint\AppData\Roaming\npm;C:\Program Files\JetBrains\WebStorm 2023.2.1\bin;;D:\CppDistro\cmake\bin;D:\CppDistro;C:\Users\odint\PyCharm 2023.2.2\bin;
USERNAME=odint
OS=Windows_NT
PROCESSOR_IDENTIFIER=AMD64 Family 25 Model 80 Stepping 0, AuthenticAMD
TMP=C:\Users\odint\AppData\Local\Temp
TEMP=C:\Users\odint\AppData\Local\Temp



Periodic native trim disabled

JNI global refs:
JNI global refs: 0, weak refs: 0

JNI global refs memory usage: 0, weak refs: 0

Process memory usage:
Resident Set Size: 11832K (0% of 16101436K total physical memory with 443188K free physical memory)

OOME stack traces (most recent first):
Classloader memory used:


---------------  S Y S T E M  ---------------

OS:
 Windows 11 , 64 bit Build 22621 (10.0.22621.3958)
OS uptime: 23 days 22:45 hours
Hyper-V role detected

CPU: total 12 (initial active 12) (12 cores per cpu, 2 threads per core) family 25 model 80 stepping 0 microcode 0x0, cx8, cmov, fxsr, ht, mmx, 3dnowpref, sse, sse2, sse3, ssse3, sse4a, sse4.1, sse4.2, popcnt, lzcnt, tsc, tscinvbit, avx, avx2, aes, erms, clmul, bmi1, bmi2, adx, sha, fma, vzeroupper, clflush, clflushopt, hv
Processor Information for processor 0
  Max Mhz: 3301, Current Mhz: 3301, Mhz Limit: 3301
Processor Information for processor 1
  Max Mhz: 3301, Current Mhz: 3301, Mhz Limit: 3301
Processor Information for processor 2
  Max Mhz: 3301, Current Mhz: 1805, Mhz Limit: 3301
Processor Information for processor 3
  Max Mhz: 3301, Current Mhz: 3301, Mhz Limit: 3301
Processor Information for processor 4
  Max Mhz: 3301, Current Mhz: 1805, Mhz Limit: 3301
Processor Information for processor 5
  Max Mhz: 3301, Current Mhz: 3301, Mhz Limit: 3301
Processor Information for processor 6
  Max Mhz: 3301, Current Mhz: 1805, Mhz Limit: 3301
Processor Information for processor 7
  Max Mhz: 3301, Current Mhz: 1805, Mhz Limit: 3301
Processor Information for processor 8
  Max Mhz: 3301, Current Mhz: 1805, Mhz Limit: 3301
Processor Information for processor 9
  Max Mhz: 3301, Current Mhz: 1805, Mhz Limit: 3301
Processor Information for processor 10
  Max Mhz: 3301, Current Mhz: 1805, Mhz Limit: 3301
Processor Information for processor 11
  Max Mhz: 3301, Current Mhz: 1805, Mhz Limit: 3301

Memory: 4k page, system-wide physical 15724M (432M free)
TotalPageFile size 28859M (AvailPageFile size 4M)
current process WorkingSet (physical memory assigned to process): 11M, peak: 11M
current process commit charge ("private bytes"): 64M, peak: 310M

vm_info: OpenJDK 64-Bit Server VM (17.0.11+0--11852314) for windows-amd64 JRE (17.0.11+0--11852314), built on May 16 2024 21:29:20 by "androidbuild" with MS VC++ 16.10 / 16.11 (VS2019)

END.
